<?xml version="1.0" encoding="UTF-8"?>
<!-- Generated by org.testng.reporters.JUnitReportReporter -->
<testsuite name="com.myorg.tests.AmazonTest" tests="1" time="20.527" ignored="0" failures="0" timestamp="31 Jan 2019 07:33:11 GMT" skipped="0" hostname="ICPL10221" errors="0">
  <testcase name="addToCartTest" time="20.527" classname="com.myorg.tests.AmazonTest"/>
</testsuite> <!-- com.myorg.tests.AmazonTest -->
